dpkg: warning: parsing file '/var/lib/dpkg/status' near line 5 package 'dpkg':
 missing description
dpkg: warning: parsing file '/var/lib/dpkg/status' near line 5 package 'dpkg':
 missing architecture
Selecting previously unselected package base-passwd.
(Reading database ... 0 files and directories currently installed.)
Preparing to unpack .../base-passwd_3.5.43_armhf.deb ...
Unpacking base-passwd (3.5.43) ...
dpkg: base-passwd: dependency problems, but configuring anyway as you requested:
 base-passwd depends on libc6 (>= 2.8); however:
  Package libc6 is not installed.
 base-passwd depends on libdebconfclient0 (>= 0.145); however:
  Package libdebconfclient0 is not installed.

Setting up base-passwd (3.5.43) ...
dpkg: warning: parsing file '/var/lib/dpkg/status' near line 24 package 'dpkg':
 missing description
dpkg: warning: parsing file '/var/lib/dpkg/status' near line 24 package 'dpkg':
 missing architecture
Selecting previously unselected package base-files.
dpkg: regarding .../base-files_9.8_armhf.deb containing base-files, pre-dependency problem:
 base-files pre-depends on awk
  awk is not installed.

dpkg: warning: ignoring pre-dependency problem!
(Reading database ... 41 files and directories currently installed.)
Preparing to unpack .../base-files_9.8_armhf.deb ...
Unpacking base-files (9.8) ...
dpkg: base-files: dependency problems, but configuring anyway as you requested:
 base-files depends on awk; however:
  Package awk is not installed.

Setting up base-files (9.8) ...
dpkg: warning: parsing file '/var/lib/dpkg/status' near line 50 package 'dpkg':
 missing description
dpkg: warning: parsing file '/var/lib/dpkg/status' near line 50 package 'dpkg':
 missing architecture
dpkg: regarding .../dpkg_1.18.22_armhf.deb containing dpkg, pre-dependency problem:
 dpkg pre-depends on libbz2-1.0
  libbz2-1.0 is not installed.

dpkg: warning: ignoring pre-dependency problem!
dpkg: regarding .../dpkg_1.18.22_armhf.deb containing dpkg, pre-dependency problem:
 dpkg pre-depends on libc6 (>= 2.11)
  libc6 is not installed.

dpkg: warning: ignoring pre-dependency problem!
dpkg: regarding .../dpkg_1.18.22_armhf.deb containing dpkg, pre-dependency problem:
 dpkg pre-depends on liblzma5 (>= 5.2.2)
  liblzma5 is not installed.

dpkg: warning: ignoring pre-dependency problem!
dpkg: regarding .../dpkg_1.18.22_armhf.deb containing dpkg, pre-dependency problem:
 dpkg pre-depends on libselinux1 (>= 2.3)
  libselinux1 is not installed.

dpkg: warning: ignoring pre-dependency problem!
dpkg: regarding .../dpkg_1.18.22_armhf.deb containing dpkg, pre-dependency problem:
 dpkg pre-depends on zlib1g (>= 1:1.1.4)
  zlib1g is not installed.

dpkg: warning: ignoring pre-dependency problem!
(Reading database ... 116 files and directories currently installed.)
Preparing to unpack .../dpkg_1.18.22_armhf.deb ...
Unpacking dpkg (1.18.22) over (1.18.22) ...
dpkg: dpkg: dependency problems, but configuring anyway as you requested:
 dpkg depends on libbz2-1.0; however:
  Package libbz2-1.0 is not installed.
 dpkg depends on libc6 (>= 2.11); however:
  Package libc6 is not installed.
 dpkg depends on liblzma5 (>= 5.2.2); however:
  Package liblzma5 is not installed.
 dpkg depends on libselinux1 (>= 2.3); however:
  Package libselinux1 is not installed.
 dpkg depends on zlib1g (>= 1:1.1.4); however:
  Package zlib1g is not installed.
 dpkg depends on tar (>= 1.28-1); however:
  Package tar is not installed.

Setting up dpkg (1.18.22) ...
Selecting previously unselected package libc6:armhf.
(Reading database ... 361 files and directories currently installed.)
Preparing to unpack .../libc6_2.24-9_armhf.deb ...
Unpacking libc6:armhf (2.24-9) ...
dpkg: libc6:armhf: dependency problems, but configuring anyway as you requested:
 libc6:armhf depends on libgcc1; however:
  Package libgcc1 is not installed.

Setting up libc6:armhf (2.24-9) ...
Selecting previously unselected package perl-base.
(Reading database ... 677 files and directories currently installed.)
Preparing to unpack .../perl-base_5.24.1-1_armhf.deb ...
Unpacking perl-base (5.24.1-1) ...
Setting up perl-base (5.24.1-1) ...
Selecting previously unselected package mawk.
(Reading database ... 1309 files and directories currently installed.)
Preparing to unpack .../mawk_1.3.3-17+b1_armhf.deb ...
Unpacking mawk (1.3.3-17+b1) ...
Setting up mawk (1.3.3-17+b1) ...
Selecting previously unselected package libacl1:armhf.
(Reading database ... 1329 files and directories currently installed.)
Preparing to unpack .../libacl1_2.2.52-3_armhf.deb ...
Unpacking libacl1:armhf (2.2.52-3) ...
Selecting previously unselected package libattr1:armhf.
dpkg: regarding .../libattr1_1%3a2.4.47-2_armhf.deb containing libattr1:armhf, pre-dependency problem:
 libattr1 pre-depends on multiarch-support
  multiarch-support is not installed.

dpkg: warning: ignoring pre-dependency problem!
Preparing to unpack .../libattr1_1%3a2.4.47-2_armhf.deb ...
Unpacking libattr1:armhf (1:2.4.47-2) ...
Selecting previously unselected package libaudit-common.
Preparing to unpack .../libaudit-common_1%3a2.6.7-1_all.deb ...
Unpacking libaudit-common (1:2.6.7-1) ...
Selecting previously unselected package libaudit1:armhf.
Preparing to unpack .../libaudit1_1%3a2.6.7-1_armhf.deb ...
Unpacking libaudit1:armhf (1:2.6.7-1) ...
Preparing to unpack .../base-files_9.8_armhf.deb ...
Unpacking base-files (9.8) over (9.8) ...
Preparing to unpack .../base-passwd_3.5.43_armhf.deb ...
Unpacking base-passwd (3.5.43) over (3.5.43) ...
Selecting previously unselected package bash.
dpkg: regarding .../archives/bash_4.4-4_armhf.deb containing bash, pre-dependency problem:
 bash pre-depends on dash (>= 0.5.5.1-2.2)
  dash is not installed.

dpkg: warning: ignoring pre-dependency problem!
dpkg: regarding .../archives/bash_4.4-4_armhf.deb containing bash, pre-dependency problem:
 bash pre-depends on libtinfo5 (>= 6)
  libtinfo5 is not installed.

dpkg: warning: ignoring pre-dependency problem!
Preparing to unpack .../archives/bash_4.4-4_armhf.deb ...
Unpacking bash (4.4-4) ...
Selecting previously unselected package libbz2-1.0:armhf.
Preparing to unpack .../libbz2-1.0_1.0.6-8.1_armhf.deb ...
Unpacking libbz2-1.0:armhf (1.0.6-8.1) ...
Selecting previously unselected package libdebconfclient0:armhf.
Preparing to unpack .../libdebconfclient0_0.222_armhf.deb ...
Unpacking libdebconfclient0:armhf (0.222) ...
Selecting previously unselected package coreutils.
dpkg: regarding .../coreutils_8.26-2_armhf.deb containing coreutils, pre-dependency problem:
 coreutils pre-depends on libacl1 (>= 2.2.51-8)
  libacl1:armhf is unpacked, but has never been configured.

dpkg: warning: ignoring pre-dependency problem!
dpkg: regarding .../coreutils_8.26-2_armhf.deb containing coreutils, pre-dependency problem:
 coreutils pre-depends on libattr1 (>= 1:2.4.46-8)
  libattr1:armhf is unpacked, but has never been configured.

dpkg: warning: ignoring pre-dependency problem!
dpkg: regarding .../coreutils_8.26-2_armhf.deb containing coreutils, pre-dependency problem:
 coreutils pre-depends on libselinux1 (>= 2.1.13)
  libselinux1 is not installed.

dpkg: warning: ignoring pre-dependency problem!
Preparing to unpack .../coreutils_8.26-2_armhf.deb ...
Unpacking coreutils (8.26-2) ...
Selecting previously unselected package dash.
Preparing to unpack .../dash_0.5.8-2.4_armhf.deb ...
Adding 'diversion of /bin/sh to /bin/sh.distrib by dash'
Adding 'diversion of /usr/share/man/man1/sh.1.gz to /usr/share/man/man1/sh.distrib.1.gz by dash'
Unpacking dash (0.5.8-2.4) ...
Selecting previously unselected package libdb5.3:armhf.
Preparing to unpack .../libdb5.3_5.3.28-12+b1_armhf.deb ...
Unpacking libdb5.3:armhf (5.3.28-12+b1) ...
Selecting previously unselected package debconf.
Preparing to unpack .../debconf_1.5.60_all.deb ...
Unpacking debconf (1.5.60) ...
Selecting previously unselected package debianutils.
Preparing to unpack .../debianutils_4.8.1_armhf.deb ...
Unpacking debianutils (4.8.1) ...
Selecting previously unselected package diffutils.
Preparing to unpack .../diffutils_1%3a3.5-3_armhf.deb ...
Unpacking diffutils (1:3.5-3) ...
dpkg: regarding .../dpkg_1.18.22_armhf.deb containing dpkg, pre-dependency problem:
 dpkg pre-depends on libbz2-1.0
  libbz2-1.0:armhf is unpacked, but has never been configured.

dpkg: warning: ignoring pre-dependency problem!
dpkg: regarding .../dpkg_1.18.22_armhf.deb containing dpkg, pre-dependency problem:
 dpkg pre-depends on liblzma5 (>= 5.2.2)
  liblzma5 is not installed.

dpkg: warning: ignoring pre-dependency problem!
dpkg: regarding .../dpkg_1.18.22_armhf.deb containing dpkg, pre-dependency problem:
 dpkg pre-depends on libselinux1 (>= 2.3)
  libselinux1 is not installed.

dpkg: warning: ignoring pre-dependency problem!
dpkg: regarding .../dpkg_1.18.22_armhf.deb containing dpkg, pre-dependency problem:
 dpkg pre-depends on zlib1g (>= 1:1.1.4)
  zlib1g is not installed.

dpkg: warning: ignoring pre-dependency problem!
Preparing to unpack .../dpkg_1.18.22_armhf.deb ...
Unpacking dpkg (1.18.22) over (1.18.22) ...
Selecting previously unselected package e2fslibs:armhf.
Preparing to unpack .../e2fslibs_1.43.4-2_armhf.deb ...
Unpacking e2fslibs:armhf (1.43.4-2) ...
Selecting previously unselected package e2fsprogs.
dpkg: regarding .../e2fsprogs_1.43.4-2_armhf.deb containing e2fsprogs, pre-dependency problem:
 e2fsprogs pre-depends on e2fslibs (= 1.43.4-2)
  e2fslibs:armhf is unpacked, but has never been configured.

dpkg: warning: ignoring pre-dependency problem!
dpkg: regarding .../e2fsprogs_1.43.4-2_armhf.deb containing e2fsprogs, pre-dependency problem:
 e2fsprogs pre-depends on libblkid1 (>= 2.17.2)
  libblkid1 is not installed.

dpkg: warning: ignoring pre-dependency problem!
dpkg: regarding .../e2fsprogs_1.43.4-2_armhf.deb containing e2fsprogs, pre-dependency problem:
 e2fsprogs pre-depends on libcomerr2 (>= 1.42~WIP-2011-10-05-1)
  libcomerr2 is not installed.

dpkg: warning: ignoring pre-dependency problem!
dpkg: regarding .../e2fsprogs_1.43.4-2_armhf.deb containing e2fsprogs, pre-dependency problem:
 e2fsprogs pre-depends on libss2 (>= 1.34-1)
  libss2 is not installed.

dpkg: warning: ignoring pre-dependency problem!
dpkg: regarding .../e2fsprogs_1.43.4-2_armhf.deb containing e2fsprogs, pre-dependency problem:
 e2fsprogs pre-depends on libuuid1 (>= 2.16)
  libuuid1 is not installed.

dpkg: warning: ignoring pre-dependency problem!
dpkg: regarding .../e2fsprogs_1.43.4-2_armhf.deb containing e2fsprogs, pre-dependency problem:
 e2fsprogs pre-depends on util-linux (>= 2.15~rc1-1)
  util-linux is not installed.

dpkg: warning: ignoring pre-dependency problem!
Preparing to unpack .../e2fsprogs_1.43.4-2_armhf.deb ...
Unpacking e2fsprogs (1.43.4-2) ...
Selecting previously unselected package libcomerr2:armhf.
Preparing to unpack .../libcomerr2_1.43.4-2_armhf.deb ...
Unpacking libcomerr2:armhf (1.43.4-2) ...
Selecting previously unselected package libss2:armhf.
Preparing to unpack .../libss2_1.43.4-2_armhf.deb ...
Unpacking libss2:armhf (1.43.4-2) ...
Selecting previously unselected package findutils.
dpkg: regarding .../findutils_4.6.0+git+20161106-1_armhf.deb containing findutils, pre-dependency problem:
 findutils pre-depends on libselinux1 (>= 1.32)
  libselinux1 is not installed.

dpkg: warning: ignoring pre-dependency problem!
Preparing to unpack .../findutils_4.6.0+git+20161106-1_armhf.deb ...
Unpacking findutils (4.6.0+git+20161106-1) ...
Selecting previously unselected package gcc-5-base:armhf.
Preparing to unpack .../gcc-5-base_5.4.1-5_armhf.deb ...
Unpacking gcc-5-base:armhf (5.4.1-5) ...
Selecting previously unselected package gcc-6-base:armhf.
Preparing to unpack .../gcc-6-base_6.3.0-6_armhf.deb ...
Unpacking gcc-6-base:armhf (6.3.0-6) ...
Selecting previously unselected package libgcc1:armhf.
Preparing to unpack .../libgcc1_1%3a6.3.0-6_armhf.deb ...
Unpacking libgcc1:armhf (1:6.3.0-6) ...
Selecting previously unselected package libc-bin.
Preparing to unpack .../libc-bin_2.24-9_armhf.deb ...
Unpacking libc-bin (2.24-9) ...
Preparing to unpack .../libc6_2.24-9_armhf.deb ...
Unpacking libc6:armhf (2.24-9) over (2.24-9) ...
Selecting previously unselected package multiarch-support.
Preparing to unpack .../multiarch-support_2.24-9_armhf.deb ...
Unpacking multiarch-support (2.24-9) ...
Selecting previously unselected package grep.
dpkg: regarding .../archives/grep_2.27-2_armhf.deb containing grep, pre-dependency problem:
 grep pre-depends on libpcre3
  libpcre3 is not installed.

dpkg: warning: ignoring pre-dependency problem!
Preparing to unpack .../archives/grep_2.27-2_armhf.deb ...
Unpacking grep (2.27-2) ...
Selecting previously unselected package gzip.
Preparing to unpack .../archives/gzip_1.6-5_armhf.deb ...
Unpacking gzip (1.6-5) ...
Selecting previously unselected package hostname.
Preparing to unpack .../hostname_3.18_armhf.deb ...
Unpacking hostname (3.18) ...
Selecting previously unselected package init-system-helpers.
Preparing to unpack .../init-system-helpers_1.47_all.deb ...
Unpacking init-system-helpers (1.47) ...
Selecting previously unselected package libcap-ng0:armhf.
Preparing to unpack .../libcap-ng0_0.7.7-3_armhf.deb ...
Unpacking libcap-ng0:armhf (0.7.7-3) ...
Selecting previously unselected package libgcrypt20:armhf.
Preparing to unpack .../libgcrypt20_1.7.6-1_armhf.deb ...
Unpacking libgcrypt20:armhf (1.7.6-1) ...
Selecting previously unselected package libgpg-error0:armhf.
Preparing to unpack .../libgpg-error0_1.26-2_armhf.deb ...
Unpacking libgpg-error0:armhf (1.26-2) ...
Selecting previously unselected package libselinux1:armhf.
Preparing to unpack .../libselinux1_2.6-3_armhf.deb ...
Unpacking libselinux1:armhf (2.6-3) ...
Selecting previously unselected package libsemanage-common.
Preparing to unpack .../libsemanage-common_2.6-2_all.deb ...
Unpacking libsemanage-common (2.6-2) ...
Selecting previously unselected package libsemanage1:armhf.
Preparing to unpack .../libsemanage1_2.6-2_armhf.deb ...
Unpacking libsemanage1:armhf (2.6-2) ...
Selecting previously unselected package libsepol1:armhf.
Preparing to unpack .../libsepol1_2.6-2_armhf.deb ...
Unpacking libsepol1:armhf (2.6-2) ...
Selecting previously unselected package lsb-base.
Preparing to unpack .../lsb-base_9.20161125_all.deb ...
Unpacking lsb-base (9.20161125) ...
Selecting previously unselected package liblz4-1:armhf.
Preparing to unpack .../liblz4-1_0.0~r131-2_armhf.deb ...
Unpacking liblz4-1:armhf (0.0~r131-2) ...
Preparing to unpack .../mawk_1.3.3-17+b1_armhf.deb ...
Unpacking mawk (1.3.3-17+b1) over (1.3.3-17+b1) ...
Selecting previously unselected package libncurses5:armhf.
Preparing to unpack .../libncurses5_6.0+20161126-1_armhf.deb ...
Unpacking libncurses5:armhf (6.0+20161126-1) ...
Selecting previously unselected package libncursesw5:armhf.
Preparing to unpack .../libncursesw5_6.0+20161126-1_armhf.deb ...
Unpacking libncursesw5:armhf (6.0+20161126-1) ...
Selecting previously unselected package libtinfo5:armhf.
Preparing to unpack .../libtinfo5_6.0+20161126-1_armhf.deb ...
Unpacking libtinfo5:armhf (6.0+20161126-1) ...
Selecting previously unselected package ncurses-base.
Preparing to unpack .../ncurses-base_6.0+20161126-1_all.deb ...
Unpacking ncurses-base (6.0+20161126-1) ...
Selecting previously unselected package ncurses-bin.
dpkg: regarding .../ncurses-bin_6.0+20161126-1_armhf.deb containing ncurses-bin, pre-dependency problem:
 ncurses-bin pre-depends on libtinfo5 (>= 6.0+20151017)
  libtinfo5:armhf is unpacked, but has never been configured.

dpkg: warning: ignoring pre-dependency problem!
dpkg: regarding .../ncurses-bin_6.0+20161126-1_armhf.deb containing ncurses-bin, pre-dependency problem:
 ncurses-bin pre-depends on libtinfo5 (<< 6.1~)
  libtinfo5:armhf is unpacked, but has never been configured.

dpkg: warning: ignoring pre-dependency problem!
Preparing to unpack .../ncurses-bin_6.0+20161126-1_armhf.deb ...
Unpacking ncurses-bin (6.0+20161126-1) ...
Selecting previously unselected package libpam-modules:armhf.
dpkg: regarding .../libpam-modules_1.1.8-3.5_armhf.deb containing libpam-modules:armhf, pre-dependency problem:
 libpam-modules pre-depends on libaudit1 (>= 1:2.2.1)
  libaudit1:armhf is unpacked, but has never been configured.

dpkg: warning: ignoring pre-dependency problem!
dpkg: regarding .../libpam-modules_1.1.8-3.5_armhf.deb containing libpam-modules:armhf, pre-dependency problem:
 libpam-modules pre-depends on libdb5.3
  libdb5.3:armhf is unpacked, but has never been configured.

dpkg: warning: ignoring pre-dependency problem!
dpkg: regarding .../libpam-modules_1.1.8-3.5_armhf.deb containing libpam-modules:armhf, pre-dependency problem:
 libpam-modules pre-depends on libpam0g (>= 1.1.3-2)
  libpam0g is not installed.

dpkg: warning: ignoring pre-dependency problem!
dpkg: regarding .../libpam-modules_1.1.8-3.5_armhf.deb containing libpam-modules:armhf, pre-dependency problem:
 libpam-modules pre-depends on libselinux1 (>= 2.1.9)
  libselinux1:armhf is unpacked, but has never been configured.

dpkg: warning: ignoring pre-dependency problem!
dpkg: regarding .../libpam-modules_1.1.8-3.5_armhf.deb containing libpam-modules:armhf, pre-dependency problem:
 libpam-modules pre-depends on debconf (>= 0.5) | debconf-2.0
  debconf is unpacked, but has never been configured.
  debconf provides debconf-2.0 but is unpacked but not configured.

dpkg: warning: ignoring pre-dependency problem!
dpkg: regarding .../libpam-modules_1.1.8-3.5_armhf.deb containing libpam-modules:armhf, pre-dependency problem:
 libpam-modules pre-depends on libpam-modules-bin (= 1.1.8-3.5)
  libpam-modules-bin is not installed.

dpkg: warning: ignoring pre-dependency problem!
Preparing to unpack .../libpam-modules_1.1.8-3.5_armhf.deb ...
Unpacking libpam-modules:armhf (1.1.8-3.5) ...
Selecting previously unselected package libpam-modules-bin.
Preparing to unpack .../libpam-modules-bin_1.1.8-3.5_armhf.deb ...
Unpacking libpam-modules-bin (1.1.8-3.5) ...
Selecting previously unselected package libpam-runtime.
Preparing to unpack .../libpam-runtime_1.1.8-3.5_all.deb ...
Unpacking libpam-runtime (1.1.8-3.5) ...
Selecting previously unselected package libpam0g:armhf.
Preparing to unpack .../libpam0g_1.1.8-3.5_armhf.deb ...
Unpacking libpam0g:armhf (1.1.8-3.5) ...
Selecting previously unselected package libpcre3:armhf.
dpkg: regarding .../libpcre3_2%3a8.39-2_armhf.deb containing libpcre3:armhf, pre-dependency problem:
 libpcre3 pre-depends on multiarch-support
  multiarch-support is unpacked, but has never been configured.

dpkg: warning: ignoring pre-dependency problem!
Preparing to unpack .../libpcre3_2%3a8.39-2_armhf.deb ...
Unpacking libpcre3:armhf (2:8.39-2) ...
Preparing to unpack .../perl-base_5.24.1-1_armhf.deb ...
Unpacking perl-base (5.24.1-1) over (5.24.1-1) ...
Selecting previously unselected package sed.
dpkg: regarding .../archives/sed_4.4-1_armhf.deb containing sed, pre-dependency problem:
 sed pre-depends on libselinux1 (>= 1.32)
  libselinux1:armhf is unpacked, but has never been configured.

dpkg: warning: ignoring pre-dependency problem!
Preparing to unpack .../archives/sed_4.4-1_armhf.deb ...
Unpacking sed (4.4-1) ...
Selecting previously unselected package sensible-utils.
Preparing to unpack .../sensible-utils_0.0.9_all.deb ...
Unpacking sensible-utils (0.0.9) ...
Selecting previously unselected package login.
dpkg: regarding .../login_1%3a4.4-3_armhf.deb containing login, pre-dependency problem:
 login pre-depends on libaudit1 (>= 1:2.2.1)
  libaudit1:armhf is unpacked, but has never been configured.

dpkg: warning: ignoring pre-dependency problem!
dpkg: regarding .../login_1%3a4.4-3_armhf.deb containing login, pre-dependency problem:
 login pre-depends on libpam0g (>= 0.99.7.1)
  libpam0g:armhf is unpacked, but has never been configured.

dpkg: warning: ignoring pre-dependency problem!
dpkg: regarding .../login_1%3a4.4-3_armhf.deb containing login, pre-dependency problem:
 login pre-depends on libpam-runtime
  libpam-runtime is unpacked, but has never been configured.

dpkg: warning: ignoring pre-dependency problem!
dpkg: regarding .../login_1%3a4.4-3_armhf.deb containing login, pre-dependency problem:
 login pre-depends on libpam-modules (>= 1.1.8-1)
  libpam-modules:armhf is unpacked, but has never been configured.

dpkg: warning: ignoring pre-dependency problem!
Preparing to unpack .../login_1%3a4.4-3_armhf.deb ...
Unpacking login (1:4.4-3) ...
Selecting previously unselected package passwd.
Preparing to unpack .../passwd_1%3a4.4-3_armhf.deb ...
Unpacking passwd (1:4.4-3) ...
Selecting previously unselected package libsystemd0:armhf.
dpkg: regarding .../libsystemd0_232-15_armhf.deb containing libsystemd0:armhf, pre-dependency problem:
 libsystemd0 pre-depends on libgcc1 (>= 1:3.5)
  libgcc1:armhf is unpacked, but has never been configured.

dpkg: warning: ignoring pre-dependency problem!
dpkg: regarding .../libsystemd0_232-15_armhf.deb containing libsystemd0:armhf, pre-dependency problem:
 libsystemd0 pre-depends on libgcrypt20 (>= 1.7.0)
  libgcrypt20:armhf is unpacked, but has never been configured.

dpkg: warning: ignoring pre-dependency problem!
dpkg: regarding .../libsystemd0_232-15_armhf.deb containing libsystemd0:armhf, pre-dependency problem:
 libsystemd0 pre-depends on liblz4-1 (>= 0.0~r113)
  liblz4-1:armhf is unpacked, but has never been configured.

dpkg: warning: ignoring pre-dependency problem!
dpkg: regarding .../libsystemd0_232-15_armhf.deb containing libsystemd0:armhf, pre-dependency problem:
 libsystemd0 pre-depends on liblzma5 (>= 5.1.1alpha+20120614)
  liblzma5 is not installed.

dpkg: warning: ignoring pre-dependency problem!
dpkg: regarding .../libsystemd0_232-15_armhf.deb containing libsystemd0:armhf, pre-dependency problem:
 libsystemd0 pre-depends on libselinux1 (>= 2.1.9)
  libselinux1:armhf is unpacked, but has never been configured.

dpkg: warning: ignoring pre-dependency problem!
Preparing to unpack .../libsystemd0_232-15_armhf.deb ...
Unpacking libsystemd0:armhf (232-15) ...
Selecting previously unselected package libudev1:armhf.
Preparing to unpack .../libudev1_232-15_armhf.deb ...
Unpacking libudev1:armhf (232-15) ...
Selecting previously unselected package sysvinit-utils.
Preparing to unpack .../sysvinit-utils_2.88dsf-59.8_armhf.deb ...
Unpacking sysvinit-utils (2.88dsf-59.8) ...
Selecting previously unselected package tar.
dpkg: regarding .../tar_1.29b-1.1_armhf.deb containing tar, pre-dependency problem:
 tar pre-depends on libacl1 (>= 2.2.51-8)
  libacl1:armhf is unpacked, but has never been configured.

dpkg: warning: ignoring pre-dependency problem!
dpkg: regarding .../tar_1.29b-1.1_armhf.deb containing tar, pre-dependency problem:
 tar pre-depends on libselinux1 (>= 1.32)
  libselinux1:armhf is unpacked, but has never been configured.

dpkg: warning: ignoring pre-dependency problem!
Preparing to unpack .../tar_1.29b-1.1_armhf.deb ...
Unpacking tar (1.29b-1.1) ...
Selecting previously unselected package tzdata.
Preparing to unpack .../tzdata_2016j-2_all.deb ...
Unpacking tzdata (2016j-2) ...
Selecting previously unselected package libustr-1.0-1:armhf.
Preparing to unpack .../libustr-1.0-1_1.0.4-6_armhf.deb ...
Unpacking libustr-1.0-1:armhf (1.0.4-6) ...
Selecting previously unselected package bsdutils.
dpkg: regarding .../bsdutils_1%3a2.29.1-1_armhf.deb containing bsdutils, pre-dependency problem:
 bsdutils pre-depends on libsystemd0
  libsystemd0:armhf is unpacked, but has never been configured.

dpkg: warning: ignoring pre-dependency problem!
Preparing to unpack .../bsdutils_1%3a2.29.1-1_armhf.deb ...
Unpacking bsdutils (1:2.29.1-1) ...
Selecting previously unselected package libblkid1:armhf.
Preparing to unpack .../libblkid1_2.29.1-1_armhf.deb ...
Unpacking libblkid1:armhf (2.29.1-1) ...
Selecting previously unselected package libfdisk1:armhf.
Preparing to unpack .../libfdisk1_2.29.1-1_armhf.deb ...
Unpacking libfdisk1:armhf (2.29.1-1) ...
Selecting previously unselected package libmount1:armhf.
Preparing to unpack .../libmount1_2.29.1-1_armhf.deb ...
Unpacking libmount1:armhf (2.29.1-1) ...
Selecting previously unselected package libsmartcols1:armhf.
Preparing to unpack .../libsmartcols1_2.29.1-1_armhf.deb ...
Unpacking libsmartcols1:armhf (2.29.1-1) ...
Selecting previously unselected package libuuid1:armhf.
Preparing to unpack .../libuuid1_2.29.1-1_armhf.deb ...
Unpacking libuuid1:armhf (2.29.1-1) ...
Selecting previously unselected package mount.
dpkg: regarding .../mount_2.29.1-1_armhf.deb containing mount, pre-dependency problem:
 mount pre-depends on libblkid1 (>= 2.17.2)
  libblkid1:armhf is unpacked, but has never been configured.

dpkg: warning: ignoring pre-dependency problem!
dpkg: regarding .../mount_2.29.1-1_armhf.deb containing mount, pre-dependency problem:
 mount pre-depends on libmount1 (>= 2.25)
  libmount1:armhf is unpacked, but has never been configured.

dpkg: warning: ignoring pre-dependency problem!
dpkg: regarding .../mount_2.29.1-1_armhf.deb containing mount, pre-dependency problem:
 mount pre-depends on libselinux1 (>= 2.6-3~)
  libselinux1:armhf is unpacked, but has never been configured.

dpkg: warning: ignoring pre-dependency problem!
dpkg: regarding .../mount_2.29.1-1_armhf.deb containing mount, pre-dependency problem:
 mount pre-depends on libsmartcols1 (>= 2.28~rc1)
  libsmartcols1:armhf is unpacked, but has never been configured.

dpkg: warning: ignoring pre-dependency problem!
dpkg: regarding .../mount_2.29.1-1_armhf.deb containing mount, pre-dependency problem:
 mount pre-depends on libudev1 (>= 183)
  libudev1:armhf is unpacked, but has never been configured.

dpkg: warning: ignoring pre-dependency problem!
Preparing to unpack .../mount_2.29.1-1_armhf.deb ...
Unpacking mount (2.29.1-1) ...
Selecting previously unselected package util-linux.
dpkg: regarding .../util-linux_2.29.1-1_armhf.deb containing util-linux, pre-dependency problem:
 util-linux pre-depends on libblkid1 (>= 2.25)
  libblkid1:armhf is unpacked, but has never been configured.

dpkg: warning: ignoring pre-dependency problem!
dpkg: regarding .../util-linux_2.29.1-1_armhf.deb containing util-linux, pre-dependency problem:
 util-linux pre-depends on libfdisk1 (>= 2.29~rc2)
  libfdisk1:armhf is unpacked, but has never been configured.

dpkg: warning: ignoring pre-dependency problem!
dpkg: regarding .../util-linux_2.29.1-1_armhf.deb containing util-linux, pre-dependency problem:
 util-linux pre-depends on libmount1 (>= 2.25)
  libmount1:armhf is unpacked, but has never been configured.

dpkg: warning: ignoring pre-dependency problem!
dpkg: regarding .../util-linux_2.29.1-1_armhf.deb containing util-linux, pre-dependency problem:
 util-linux pre-depends on libncursesw5 (>= 6)
  libncursesw5:armhf is unpacked, but has never been configured.

dpkg: warning: ignoring pre-dependency problem!
dpkg: regarding .../util-linux_2.29.1-1_armhf.deb containing util-linux, pre-dependency problem:
 util-linux pre-depends on libpam0g (>= 0.99.7.1)
  libpam0g:armhf is unpacked, but has never been configured.

dpkg: warning: ignoring pre-dependency problem!
dpkg: regarding .../util-linux_2.29.1-1_armhf.deb containing util-linux, pre-dependency problem:
 util-linux pre-depends on libselinux1 (>= 2.6-3~)
  libselinux1:armhf is unpacked, but has never been configured.

dpkg: warning: ignoring pre-dependency problem!
dpkg: regarding .../util-linux_2.29.1-1_armhf.deb containing util-linux, pre-dependency problem:
 util-linux pre-depends on libsmartcols1 (>= 2.28~rc1)
  libsmartcols1:armhf is unpacked, but has never been configured.

dpkg: warning: ignoring pre-dependency problem!
dpkg: regarding .../util-linux_2.29.1-1_armhf.deb containing util-linux, pre-dependency problem:
 util-linux pre-depends on libsystemd0
  libsystemd0:armhf is unpacked, but has never been configured.

dpkg: warning: ignoring pre-dependency problem!
dpkg: regarding .../util-linux_2.29.1-1_armhf.deb containing util-linux, pre-dependency problem:
 util-linux pre-depends on libtinfo5 (>= 6)
  libtinfo5:armhf is unpacked, but has never been configured.

dpkg: warning: ignoring pre-dependency problem!
dpkg: regarding .../util-linux_2.29.1-1_armhf.deb containing util-linux, pre-dependency problem:
 util-linux pre-depends on libudev1 (>= 183)
  libudev1:armhf is unpacked, but has never been configured.

dpkg: warning: ignoring pre-dependency problem!
dpkg: regarding .../util-linux_2.29.1-1_armhf.deb containing util-linux, pre-dependency problem:
 util-linux pre-depends on libuuid1 (>= 2.16)
  libuuid1:armhf is unpacked, but has never been configured.

dpkg: warning: ignoring pre-dependency problem!
dpkg: regarding .../util-linux_2.29.1-1_armhf.deb containing util-linux, pre-dependency problem:
 util-linux pre-depends on zlib1g (>= 1:1.1.4)
  zlib1g is not installed.

dpkg: warning: ignoring pre-dependency problem!
Preparing to unpack .../util-linux_2.29.1-1_armhf.deb ...
Unpacking util-linux (2.29.1-1) ...
Selecting previously unselected package liblzma5:armhf.
Preparing to unpack .../liblzma5_5.2.2-1.2_armhf.deb ...
Unpacking liblzma5:armhf (5.2.2-1.2) ...
Selecting previously unselected package zlib1g:armhf.
Preparing to unpack .../zlib1g_1%3a1.2.8.dfsg-5_armhf.deb ...
Unpacking zlib1g:armhf (1:1.2.8.dfsg-5) ...
Setting up gcc-6-base:armhf (6.3.0-6) ...
Setting up lsb-base (9.20161125) ...
Setting up sensible-utils (0.0.9) ...
Setting up ncurses-base (6.0+20161126-1) ...
Setting up libsemanage-common (2.6-2) ...
Setting up libaudit-common (1:2.6.7-1) ...
Setting up gcc-5-base:armhf (5.4.1-5) ...
Setting up libc6:armhf (2.24-9) ...
Setting up libbz2-1.0:armhf (1.0.6-8.1) ...
Setting up libgpg-error0:armhf (1.26-2) ...
Setting up libc-bin (2.24-9) ...
Setting up libdebconfclient0:armhf (0.222) ...
Setting up diffutils (1:3.5-3) ...
Setting up libcomerr2:armhf (1.43.4-2) ...
Setting up libcap-ng0:armhf (0.7.7-3) ...
Setting up libsepol1:armhf (2.6-2) ...
Setting up libgcc1:armhf (1:6.3.0-6) ...
Setting up libustr-1.0-1:armhf (1.0.4-6) ...
Setting up libsmartcols1:armhf (2.29.1-1) ...
Setting up libaudit1:armhf (1:2.6.7-1) ...
Setting up libtinfo5:armhf (6.0+20161126-1) ...
Setting up libudev1:armhf (232-15) ...
Setting up libss2:armhf (1.43.4-2) ...
Setting up liblzma5:armhf (5.2.2-1.2) ...
Setting up base-passwd (3.5.43) ...
Setting up e2fslibs:armhf (1.43.4-2) ...
Setting up liblz4-1:armhf (0.0~r131-2) ...
Setting up debianutils (4.8.1) ...
Setting up libgcrypt20:armhf (1.7.6-1) ...
Setting up libncursesw5:armhf (6.0+20161126-1) ...
Setting up libdb5.3:armhf (5.3.28-12+b1) ...
Setting up zlib1g:armhf (1:1.2.8.dfsg-5) ...
Setting up hostname (3.18) ...
Setting up multiarch-support (2.24-9) ...
Setting up mawk (1.3.3-17+b1) ...
Setting up libpcre3:armhf (2:8.39-2) ...
Setting up base-files (9.8) ...
Setting up libselinux1:armhf (2.6-3) ...
Setting up findutils (4.6.0+git+20161106-1) ...
Setting up ncurses-bin (6.0+20161126-1) ...
Setting up sed (4.4-1) ...
Setting up libncurses5:armhf (6.0+20161126-1) ...
Setting up libattr1:armhf (1:2.4.47-2) ...
Setting up libsystemd0:armhf (232-15) ...
Setting up libsemanage1:armhf (2.6-2) ...
Setting up libacl1:armhf (2.2.52-3) ...
Setting up bsdutils (1:2.29.1-1) ...
Setting up coreutils (8.26-2) ...
Setting up tar (1.29b-1.1) ...
update-alternatives: using /usr/sbin/rmt-tar to provide /usr/sbin/rmt (rmt) in auto mode
Setting up dpkg (1.18.22) ...
Setting up perl-base (5.24.1-1) ...
Setting up grep (2.27-2) ...
Setting up debconf (1.5.60) ...
Setting up tzdata (2016j-2) ...

Current default time zone: 'Etc/UTC'
Local time is now:      Tue Feb  7 21:10:50 UTC 2017.
Universal Time is now:  Tue Feb  7 21:10:50 UTC 2017.
Run 'dpkg-reconfigure tzdata' if you wish to change it.

Setting up gzip (1.6-5) ...
Setting up dash (0.5.8-2.4) ...
Setting up init-system-helpers (1.47) ...
Setting up libpam0g:armhf (1.1.8-3.5) ...
Setting up libpam-modules-bin (1.1.8-3.5) ...
Setting up bash (4.4-4) ...
update-alternatives: using /usr/share/man/man7/bash-builtins.7.gz to provide /usr/share/man/man7/builtins.7.gz (builtins.7.gz) in auto mode
Setting up libpam-modules:armhf (1.1.8-3.5) ...
Setting up libpam-runtime (1.1.8-3.5) ...
Setting up passwd (1:4.4-3) ...
Shadow passwords are now on.
Setting up login (1:4.4-3) ...
Setting up libuuid1:armhf (2.29.1-1) ...
Setting up libblkid1:armhf (2.29.1-1) ...
Setting up libmount1:armhf (2.29.1-1) ...
Setting up mount (2.29.1-1) ...
Setting up libfdisk1:armhf (2.29.1-1) ...
Setting up util-linux (2.29.1-1) ...
update-alternatives: using /bin/more to provide /usr/bin/pager (pager) in auto mode
Setting up e2fsprogs (1.43.4-2) ...
Setting up sysvinit-utils (2.88dsf-59.8) ...
Processing triggers for libc-bin (2.24-9) ...
(Reading database ... 5907 files and directories currently installed.)
Preparing to unpack .../archives/adduser_3.115_all.deb ...
Unpacking adduser (3.115) ...
Preparing to unpack .../archives/apt_1.4~rc1_armhf.deb ...
Unpacking apt (1.4~rc1) ...
Preparing to unpack .../libapt-pkg5.0_1.4~rc1_armhf.deb ...
Unpacking libapt-pkg5.0:armhf (1.4~rc1) ...
Preparing to unpack .../debian-archive-keyring_2014.3_all.deb ...
Unpacking debian-archive-keyring (2014.3) ...
Preparing to unpack .../libelf1_0.168-0.2_armhf.deb ...
Unpacking libelf1:armhf (0.168-0.2) ...
Preparing to unpack .../libstdc++6_6.3.0-6_armhf.deb ...
Unpacking libstdc++6:armhf (6.3.0-6) ...
Preparing to unpack .../gpgv_2.1.18-4_armhf.deb ...
Unpacking gpgv (2.1.18-4) ...
Preparing to unpack .../inetutils-ping_2%3a1.9.4-2+b1_armhf.deb ...
Unpacking inetutils-ping (2:1.9.4-2+b1) ...
Preparing to unpack .../iproute2_4.9.0-1_armhf.deb ...
Unpacking iproute2 (4.9.0-1) ...
Preparing to unpack .../libmnl0_1.0.4-2_armhf.deb ...
Unpacking libmnl0:armhf (1.0.4-2) ...
Preparing to unpack .../archives/netbase_5.4_all.deb ...
Unpacking netbase (5.4) ...
Processing triggers for libc-bin (2.24-9) ...
Setting up libelf1:armhf (0.168-0.2) ...
Setting up gpgv (2.1.18-4) ...
Setting up debian-archive-keyring (2014.3) ...
Setting up libstdc++6:armhf (6.3.0-6) ...
Setting up adduser (3.115) ...
Setting up libmnl0:armhf (1.0.4-2) ...
Setting up netbase (5.4) ...
Setting up libapt-pkg5.0:armhf (1.4~rc1) ...
Setting up inetutils-ping (2:1.9.4-2+b1) ...
Setting up iproute2 (4.9.0-1) ...
Setting up apt (1.4~rc1) ...
Processing triggers for libc-bin (2.24-9) ...
